{"name":"runs cucumber feature","status":"broken","statusDetails":{"known":false,"muted":false,"flaky":false,"message":"org.openqa.selenium.WebDriverException: chrome not reachable\nBuild info: version: '3.141.59', revision: 'e82be7d358', time: '2018-11-14T08:17:03'\nSystem info: host: 'DESKTOP-FNA2BQ4', ip: '192.168.56.1', os.name: 'Windows 10', os.arch: 'amd64', os.version: '10.0', java.version: '1.8.0_251'\nDriver info: driver.version: ChromeDriver\nremote stacktrace: Backtrace:\n\tGetHandleVerifier [0x00D5B963+483]\n\tGetHandleVerifier [0x00D5B941+449]\n\tGetHandleVerifier [0x011031B0+3832368]\n\tGetHandleVerifier [0x010F98D3+3793235]\n\tGetHandleVerifier [0x0111D17F+3938815]\n\tGetHandleVerifier [0x01119AFB+3924859]\n\tGetHandleVerifier [0x01117D9C+3917340]\n\tGetHandleVerifier [0x0113E7FE+4075646]\n\tGetHandleVerifier [0x0113E56C+4074988]\n\tGetHandleVerifier [0x0113B2EB+4062059]\n\tGetHandleVerifier [0x0111ED14+3945876]\n\tGetHandleVerifier [0x0111FBCE+3949646]\n\tGetHandleVerifier [0x0111FB59+3949529]\n\tOrdinal0 [0x00D1B5CC+46540]\n\tOrdinal0 [0x00D19F53+40787]\n\tOrdinal0 [0x00D19B12+39698]\n\tGetHandleVerifier [0x01021468+2907368]\n\tGetHandleVerifier [0x00E671EE+1096302]\n\tGetHandleVerifier [0x00E23E8D+821005]\n\tGetHandleVerifier [0x00E2396B+819691]\n\tGetHandleVerifier [0x00E23881+819457]\n\tGetHandleVerifier [0x00E4F463+998627]\n\tBaseThreadInitThunk [0x76776359+25]\n\tRtlGetAppContainerNamedObjectPath [0x77378944+228]\n\tRtlGetAppContainerNamedObjectPath [0x77378914+180]\n","trace":"cucumber.runtime.CucumberException: org.openqa.selenium.WebDriverException: chrome not reachable\nBuild info: version: '3.141.59', revision: 'e82be7d358', time: '2018-11-14T08:17:03'\nSystem info: host: 'DESKTOP-FNA2BQ4', ip: '192.168.56.1', os.name: 'Windows 10', os.arch: 'amd64', os.version: '10.0', java.version: '1.8.0_251'\nDriver info: driver.version: ChromeDriver\nremote stacktrace: Backtrace:\n\tGetHandleVerifier [0x00D5B963+483]\n\tGetHandleVerifier [0x00D5B941+449]\n\tGetHandleVerifier [0x011031B0+3832368]\n\tGetHandleVerifier [0x010F98D3+3793235]\n\tGetHandleVerifier [0x0111D17F+3938815]\n\tGetHandleVerifier [0x01119AFB+3924859]\n\tGetHandleVerifier [0x01117D9C+3917340]\n\tGetHandleVerifier [0x0113E7FE+4075646]\n\tGetHandleVerifier [0x0113E56C+4074988]\n\tGetHandleVerifier [0x0113B2EB+4062059]\n\tGetHandleVerifier [0x0111ED14+3945876]\n\tGetHandleVerifier [0x0111FBCE+3949646]\n\tGetHandleVerifier [0x0111FB59+3949529]\n\tOrdinal0 [0x00D1B5CC+46540]\n\tOrdinal0 [0x00D19F53+40787]\n\tOrdinal0 [0x00D19B12+39698]\n\tGetHandleVerifier [0x01021468+2907368]\n\tGetHandleVerifier [0x00E671EE+1096302]\n\tGetHandleVerifier [0x00E23E8D+821005]\n\tGetHandleVerifier [0x00E2396B+819691]\n\tGetHandleVerifier [0x00E23881+819457]\n\tGetHandleVerifier [0x00E4F463+998627]\n\tBaseThreadInitThunk [0x76776359+25]\n\tRtlGetAppContainerNamedObjectPath [0x77378944+228]\n\tRtlGetAppContainerNamedObjectPath [0x77378914+180]\n\r\n\tat cucumber.api.testng.TestNGCucumberRunner.runCucumber(TestNGCucumberRunner.java:78)\r\n\tat runner.loginrunner.feature(loginrunner.java:46)\r\n\tat sun.reflect.NativeMethodAccessorImpl.invoke0(Native Method)\r\n\tat sun.reflect.NativeMethodAccessorImpl.invoke(NativeMethodAccessorImpl.java:62)\r\n\tat sun.reflect.DelegatingMethodAccessorImpl.invoke(DelegatingMethodAccessorImpl.java:43)\r\n\tat java.lang.reflect.Method.invoke(Method.java:498)\r\n\tat org.testng.internal.MethodInvocationHelper.invokeMethod(MethodInvocationHelper.java:132)\r\n\tat org.testng.internal.TestInvoker.invokeMethod(TestInvoker.java:599)\r\n\tat org.testng.internal.TestInvoker.invokeTestMethod(TestInvoker.java:174)\r\n\tat org.testng.internal.MethodRunner.runInSequence(MethodRunner.java:46)\r\n\tat org.testng.internal.TestInvoker$MethodInvocationAgent.invoke(TestInvoker.java:822)\r\n\tat org.testng.internal.TestInvoker.invokeTestMethods(TestInvoker.java:147)\r\n\tat org.testng.internal.TestMethodWorker.invokeTestMethods(TestMethodWorker.java:146)\r\n\tat org.testng.internal.TestMethodWorker.run(TestMethodWorker.java:128)\r\n\tat java.util.ArrayList.forEach(ArrayList.java:1257)\r\n\tat org.testng.TestRunner.privateRun(TestRunner.java:764)\r\n\tat org.testng.TestRunner.run(TestRunner.java:585)\r\n\tat org.testng.SuiteRunner.runTest(SuiteRunner.java:384)\r\n\tat org.testng.SuiteRunner.runSequentially(SuiteRunner.java:378)\r\n\tat org.testng.SuiteRunner.privateRun(SuiteRunner.java:337)\r\n\tat org.testng.SuiteRunner.run(SuiteRunner.java:286)\r\n\tat org.testng.SuiteRunnerWorker.runSuite(SuiteRunnerWorker.java:53)\r\n\tat org.testng.SuiteRunnerWorker.run(SuiteRunnerWorker.java:96)\r\n\tat org.testng.TestNG.runSuitesSequentially(TestNG.java:1218)\r\n\tat org.testng.TestNG.runSuitesLocally(TestNG.java:1140)\r\n\tat org.testng.TestNG.runSuites(TestNG.java:1069)\r\n\tat org.testng.TestNG.run(TestNG.java:1037)\r\n\tat org.testng.remote.AbstractRemoteTestNG.run(AbstractRemoteTestNG.java:115)\r\n\tat org.testng.remote.RemoteTestNG.initAndRun(RemoteTestNG.java:251)\r\n\tat org.testng.remote.RemoteTestNG.main(RemoteTestNG.java:77)\r\nCaused by: org.openqa.selenium.WebDriverException: chrome not reachable\nBuild info: version: '3.141.59', revision: 'e82be7d358', time: '2018-11-14T08:17:03'\nSystem info: host: 'DESKTOP-FNA2BQ4', ip: '192.168.56.1', os.name: 'Windows 10', os.arch: 'amd64', os.version: '10.0', java.version: '1.8.0_251'\nDriver info: driver.version: ChromeDriver\nremote stacktrace: Backtrace:\n\tGetHandleVerifier [0x00D5B963+483]\n\tGetHandleVerifier [0x00D5B941+449]\n\tGetHandleVerifier [0x011031B0+3832368]\n\tGetHandleVerifier [0x010F98D3+3793235]\n\tGetHandleVerifier [0x0111D17F+3938815]\n\tGetHandleVerifier [0x01119AFB+3924859]\n\tGetHandleVerifier [0x01117D9C+3917340]\n\tGetHandleVerifier [0x0113E7FE+4075646]\n\tGetHandleVerifier [0x0113E56C+4074988]\n\tGetHandleVerifier [0x0113B2EB+4062059]\n\tGetHandleVerifier [0x0111ED14+3945876]\n\tGetHandleVerifier [0x0111FBCE+3949646]\n\tGetHandleVerifier [0x0111FB59+3949529]\n\tOrdinal0 [0x00D1B5CC+46540]\n\tOrdinal0 [0x00D19F53+40787]\n\tOrdinal0 [0x00D19B12+39698]\n\tGetHandleVerifier [0x01021468+2907368]\n\tGetHandleVerifier [0x00E671EE+1096302]\n\tGetHandleVerifier [0x00E23E8D+821005]\n\tGetHandleVerifier [0x00E2396B+819691]\n\tGetHandleVerifier [0x00E23881+819457]\n\tGetHandleVerifier [0x00E4F463+998627]\n\tBaseThreadInitThunk [0x76776359+25]\n\tRtlGetAppContainerNamedObjectPath [0x77378944+228]\n\tRtlGetAppContainerNamedObjectPath [0x77378914+180]\n\r\n\tat sun.reflect.NativeConstructorAccessorImpl.newInstance0(Native Method)\r\n\tat sun.reflect.NativeConstructorAccessorImpl.newInstance(NativeConstructorAccessorImpl.java:62)\r\n\tat sun.reflect.DelegatingConstructorAccessorImpl.newInstance(DelegatingConstructorAccessorImpl.java:45)\r\n\tat java.lang.reflect.Constructor.newInstance(Constructor.java:423)\r\n\tat org.openqa.selenium.remote.W3CHandshakeResponse.lambda$errorHandler$0(W3CHandshakeResponse.java:62)\r\n\tat org.openqa.selenium.remote.HandshakeResponse.lambda$getResponseFunction$0(HandshakeResponse.java:30)\r\n\tat org.openqa.selenium.remote.ProtocolHandshake.lambda$createSession$0(ProtocolHandshake.java:126)\r\n\tat java.util.stream.ReferencePipeline$3$1.accept(ReferencePipeline.java:193)\r\n\tat java.util.Spliterators$ArraySpliterator.tryAdvance(Spliterators.java:958)\r\n\tat java.util.stream.ReferencePipeline.forEachWithCancel(ReferencePipeline.java:126)\r\n\tat java.util.stream.AbstractPipeline.copyIntoWithCancel(AbstractPipeline.java:499)\r\n\tat java.util.stream.AbstractPipeline.copyInto(AbstractPipeline.java:486)\r\n\tat java.util.stream.AbstractPipeline.wrapAndCopyInto(AbstractPipeline.java:472)\r\n\tat java.util.stream.FindOps$FindOp.evaluateSequential(FindOps.java:152)\r\n\tat java.util.stream.AbstractPipeline.evaluate(AbstractPipeline.java:234)\r\n\tat java.util.stream.ReferencePipeline.findFirst(ReferencePipeline.java:464)\r\n\tat org.openqa.selenium.remote.ProtocolHandshake.createSession(ProtocolHandshake.java:128)\r\n\tat org.openqa.selenium.remote.ProtocolHandshake.createSession(ProtocolHandshake.java:74)\r\n\tat org.openqa.selenium.remote.HttpCommandExecutor.execute(HttpCommandExecutor.java:136)\r\n\tat org.openqa.selenium.remote.service.DriverCommandExecutor.execute(DriverCommandExecutor.java:83)\r\n\tat org.openqa.selenium.remote.RemoteWebDriver.execute(RemoteWebDriver.java:552)\r\n\tat org.openqa.selenium.remote.RemoteWebDriver.startSession(RemoteWebDriver.java:213)\r\n\tat org.openqa.selenium.remote.RemoteWebDriver.<init>(RemoteWebDriver.java:131)\r\n\tat org.openqa.selenium.chrome.ChromeDriver.<init>(ChromeDriver.java:181)\r\n\tat org.openqa.selenium.chrome.ChromeDriver.<init>(ChromeDriver.java:168)\r\n\tat org.openqa.selenium.chrome.ChromeDriver.<init>(ChromeDriver.java:123)\r\n\tat stepdefinitions.logstepdefinition.user_is_in_login_page(logstepdefinition.java:48)\r\n\tat âœ½.User is in login page(C:/Users/User/eclipse-workspace/cucumberbd/src/main/java/Features/loginfeature.feature:5)\r\n"},"stage":"finished","steps":[],"attachments":[],"parameters":[{"name":"arg0","value":"\"loginfeatures\""}],"start":1615043831338,"stop":1615043893911,"uuid":"65ad625f-6853-43ed-9943-17730bf79c0a","historyId":"fc656d0e1f97d16b1fe2788ed7ee319","fullName":"runner.loginrunner.feature","labels":[{"name":"package","value":"runner.loginrunner"},{"name":"testClass","value":"runner.loginrunner"},{"name":"testMethod","value":"feature"},{"name":"parentSuite","value":"Default suite"},{"name":"suite","value":"Default test"},{"name":"subSuite","value":"runner.loginrunner"},{"name":"host","value":"DESKTOP-FNA2BQ4"},{"name":"thread","value":"24012@DESKTOP-FNA2BQ4.main(1)"},{"name":"framework","value":"testng"},{"name":"language","value":"java"}],"links":[]}